Args in experiment:
Namespace(activation='gelu', affine=0, batch_size=128, c_out=7, checkpoints='./checkpoints/', d_ff=128, d_layers=1, d_model=16, data='ETTh1', data_path='ETTh1.csv', dec_in=7, decomposition=0, des='Exp', devices='0,1,2,3', distil=True, do_predict=False, dropout=0.3, e_layers=3, embed='timeF', embed_type=0, enc_in=7, factor=1, fc_dropout=0.3, features='M', freq='h', gpu=0, head_dropout=0.0, individual=0, is_training=1, itr=1, kernel_size=25, label_len=48, learning_rate=0.0001, loss='mse', lradj='type3', model='PatchTST', model_id='336_336', moving_avg=25, n_heads=4, num_workers=10, output_attention=False, padding_patch='end', patch_len=16, patience=100, pct_start=0.3, pred_len=336, random_seed=2021, revin=1, root_path='./dataset/', seq_len=336, stride=8, subtract_last=0, target='OT', test_flop=False, train_epochs=100, use_amp=False, use_gpu=True, use_multi_gpu=False)
Use GPU: cuda:0
>>>>>>>start training : 336_336_PatchTST_ETTh1_ftM_sl336_ll48_pl336_dm16_nh4_el3_dl1_df128_fc1_ebtimeF_dtTrue_Exp_0>>>>>>>>>>>>>>>>>>>>>>>>>>
train 7969
val 2545
test 2545
@@@@@@@@ batch_x.shape torch.Size([128, 336, 7])
@@@@@@@@@@@ batch_x_mark.shape torch.Size([128, 336, 4])
@@@@@@@@ batch_x.shape torch.Size([128, 336, 7])
@@@@@@@@@@@ batch_x_mark.shape torch.Size([128, 336, 4])
@@@@@@@@ batch_x.shape torch.Size([128, 336, 7])
@@@@@@@@@@@ batch_x_mark.shape torch.Size([128, 336, 4])
@@@@@@@@ batch_x.shape torch.Size([128, 336, 7])
@@@@@@@@@@@ batch_x_mark.shape torch.Size([128, 336, 4])
@@@@@@@@ batch_x.shape torch.Size([128, 336, 7])
@@@@@@@@@@@ batch_x_mark.shape torch.Size([128, 336, 4])
@@@@@@@@ batch_x.shape torch.Size([128, 336, 7])
@@@@@@@@@@@ batch_x_mark.shape torch.Size([128, 336, 4])
@@@@@@@@ batch_x.shape torch.Size([128, 336, 7])
@@@@@@@@@@@ batch_x_mark.shape torch.Size([128, 336, 4])
@@@@@@@@ batch_x.shape torch.Size([128, 336, 7])
@@@@@@@@@@@ batch_x_mark.shape torch.Size([128, 336, 4])
@@@@@@@@ batch_x.shape torch.Size([128, 336, 7])
@@@@@@@@@@@ batch_x_mark.shape torch.Size([128, 336, 4])
@@@@@@@@ batch_x.shape torch.Size([128, 336, 7])
@@@@@@@@@@@ batch_x_mark.shape torch.Size([128, 336, 4])
@@@@@@@@ batch_x.shape torch.Size([128, 336, 7])
@@@@@@@@@@@ batch_x_mark.shape torch.Size([128, 336, 4])
@@@@@@@@ batch_x.shape torch.Size([128, 336, 7])
@@@@@@@@@@@ batch_x_mark.shape torch.Size([128, 336, 4])
@@@@@@@@ batch_x.shape torch.Size([128, 336, 7])
@@@@@@@@@@@ batch_x_mark.shape torch.Size([128, 336, 4])
@@@@@@@@ batch_x.shape torch.Size([128, 336, 7])
@@@@@@@@@@@ batch_x_mark.shape torch.Size([128, 336, 4])
@@@@@@@@ batch_x.shape torch.Size([128, 336, 7])
@@@@@@@@@@@ batch_x_mark.shape torch.Size([128, 336, 4])
@@@@@@@@ batch_x.shape torch.Size([128, 336, 7])
@@@@@@@@@@@ batch_x_mark.shape torch.Size([128, 336, 4])
@@@@@@@@ batch_x.shape torch.Size([128, 336, 7])
@@@@@@@@@@@ batch_x_mark.shape torch.Size([128, 336, 4])
@@@@@@@@ batch_x.shape torch.Size([128, 336, 7])
@@@@@@@@@@@ batch_x_mark.shape torch.Size([128, 336, 4])
@@@@@@@@ batch_x.shape torch.Size([128, 336, 7])
@@@@@@@@@@@ batch_x_mark.shape torch.Size([128, 336, 4])
@@@@@@@@ batch_x.shape torch.Size([128, 336, 7])
@@@@@@@@@@@ batch_x_mark.shape torch.Size([128, 336, 4])
@@@@@@@@ batch_x.shape torch.Size([128, 336, 7])
@@@@@@@@@@@ batch_x_mark.shape torch.Size([128, 336, 4])
@@@@@@@@ batch_x.shape torch.Size([128, 336, 7])
@@@@@@@@@@@ batch_x_mark.shape torch.Size([128, 336, 4])
@@@@@@@@ batch_x.shape torch.Size([128, 336, 7])
@@@@@@@@@@@ batch_x_mark.shape torch.Size([128, 336, 4])
@@@@@@@@ batch_x.shape torch.Size([128, 336, 7])
@@@@@@@@@@@ batch_x_mark.shape torch.Size([128, 336, 4])
@@@@@@@@ batch_x.shape torch.Size([128, 336, 7])
@@@@@@@@@@@ batch_x_mark.shape torch.Size([128, 336, 4])
@@@@@@@@ batch_x.shape torch.Size([128, 336, 7])
@@@@@@@@@@@ batch_x_mark.shape torch.Size([128, 336, 4])
@@@@@@@@ batch_x.shape torch.Size([128, 336, 7])
@@@@@@@@@@@ batch_x_mark.shape torch.Size([128, 336, 4])
@@@@@@@@ batch_x.shape torch.Size([128, 336, 7])
@@@@@@@@@@@ batch_x_mark.shape torch.Size([128, 336, 4])
@@@@@@@@ batch_x.shape torch.Size([128, 336, 7])
@@@@@@@@@@@ batch_x_mark.shape torch.Size([128, 336, 4])
@@@@@@@@ batch_x.shape torch.Size([128, 336, 7])
@@@@@@@@@@@ batch_x_mark.shape torch.Size([128, 336, 4])
@@@@@@@@ batch_x.shape torch.Size([128, 336, 7])
@@@@@@@@@@@ batch_x_mark.shape torch.Size([128, 336, 4])
@@@@@@@@ batch_x.shape torch.Size([128, 336, 7])
@@@@@@@@@@@ batch_x_mark.shape torch.Size([128, 336, 4])
@@@@@@@@ batch_x.shape torch.Size([128, 336, 7])
@@@@@@@@@@@ batch_x_mark.shape torch.Size([128, 336, 4])
@@@@@@@@ batch_x.shape torch.Size([128, 336, 7])
@@@@@@@@@@@ batch_x_mark.shape torch.Size([128, 336, 4])
@@@@@@@@ batch_x.shape torch.Size([128, 336, 7])
@@@@@@@@@@@ batch_x_mark.shape torch.Size([128, 336, 4])
@@@@@@@@ batch_x.shape torch.Size([128, 336, 7])
@@@@@@@@@@@ batch_x_mark.shape torch.Size([128, 336, 4])
@@@@@@@@ batch_x.shape torch.Size([128, 336, 7])
@@@@@@@@@@@ batch_x_mark.shape torch.Size([128, 336, 4])
@@@@@@@@ batch_x.shape torch.Size([128, 336, 7])
@@@@@@@@@@@ batch_x_mark.shape torch.Size([128, 336, 4])
@@@@@@@@ batch_x.shape torch.Size([128, 336, 7])
@@@@@@@@@@@ batch_x_mark.shape torch.Size([128, 336, 4])
@@@@@@@@ batch_x.shape torch.Size([128, 336, 7])
@@@@@@@@@@@ batch_x_mark.shape torch.Size([128, 336, 4])
@@@@@@@@ batch_x.shape torch.Size([128, 336, 7])
@@@@@@@@@@@ batch_x_mark.shape torch.Size([128, 336, 4])
@@@@@@@@ batch_x.shape torch.Size([128, 336, 7])
@@@@@@@@@@@ batch_x_mark.shape torch.Size([128, 336, 4])
@@@@@@@@ batch_x.shape torch.Size([128, 336, 7])
@@@@@@@@@@@ batch_x_mark.shape torch.Size([128, 336, 4])
@@@@@@@@ batch_x.shape torch.Size([128, 336, 7])
@@@@@@@@@@@ batch_x_mark.shape torch.Size([128, 336, 4])
@@@@@@@@ batch_x.shape torch.Size([128, 336, 7])
@@@@@@@@@@@ batch_x_mark.shape torch.Size([128, 336, 4])
@@@@@@@@ batch_x.shape torch.Size([128, 336, 7])
@@@@@@@@@@@ batch_x_mark.shape torch.Size([128, 336, 4])
@@@@@@@@ batch_x.shape torch.Size([128, 336, 7])
@@@@@@@@@@@ batch_x_mark.shape torch.Size([128, 336, 4])
@@@@@@@@ batch_x.shape torch.Size([128, 336, 7])
@@@@@@@@@@@ batch_x_mark.shape torch.Size([128, 336, 4])
@@@@@@@@ batch_x.shape torch.Size([128, 336, 7])
@@@@@@@@@@@ batch_x_mark.shape torch.Size([128, 336, 4])
@@@@@@@@ batch_x.shape torch.Size([128, 336, 7])
@@@@@@@@@@@ batch_x_mark.shape torch.Size([128, 336, 4])
@@@@@@@@ batch_x.shape torch.Size([128, 336, 7])
@@@@@@@@@@@ batch_x_mark.shape torch.Size([128, 336, 4])
@@@@@@@@ batch_x.shape torch.Size([128, 336, 7])
@@@@@@@@@@@ batch_x_mark.shape torch.Size([128, 336, 4])
@@@@@@@@ batch_x.shape torch.Size([128, 336, 7])
@@@@@@@@@@@ batch_x_mark.shape torch.Size([128, 336, 4])
@@@@@@@@ batch_x.shape torch.Size([128, 336, 7])
@@@@@@@@@@@ batch_x_mark.shape torch.Size([128, 336, 4])
@@@@@@@@ batch_x.shape torch.Size([128, 336, 7])
@@@@@@@@@@@ batch_x_mark.shape torch.Size([128, 336, 4])
@@@@@@@@ batch_x.shape torch.Size([128, 336, 7])
@@@@@@@@@@@ batch_x_mark.shape torch.Size([128, 336, 4])
@@@@@@@@ batch_x.shape torch.Size([128, 336, 7])
@@@@@@@@@@@ batch_x_mark.shape torch.Size([128, 336, 4])
@@@@@@@@ batch_x.shape torch.Size([128, 336, 7])
@@@@@@@@@@@ batch_x_mark.shape torch.Size([128, 336, 4])
@@@@@@@@ batch_x.shape torch.Size([128, 336, 7])
@@@@@@@@@@@ batch_x_mark.shape torch.Size([128, 336, 4])
@@@@@@@@ batch_x.shape torch.Size([128, 336, 7])
@@@@@@@@@@@ batch_x_mark.shape torch.Size([128, 336, 4])
@@@@@@@@ batch_x.shape torch.Size([128, 336, 7])
@@@@@@@@@@@ batch_x_mark.shape torch.Size([128, 336, 4])
@@@@@@@@ batch_x.shape torch.Size([128, 336, 7])
@@@@@@@@@@@ batch_x_mark.shape torch.Size([128, 336, 4])
Epoch: 1 cost time: 3.3565897941589355
Epoch: 1, Steps: 62 | Train Loss: 0.8109014 Vali Loss: 1.7395023 Test Loss: 0.7845694
Validation loss decreased (inf --> 1.739502).  Saving model ...
Updating learning rate to 0.0001
@@@@@@@@ batch_x.shape torch.Size([128, 336, 7])
@@@@@@@@@@@ batch_x_mark.shape torch.Size([128, 336, 4])
@@@@@@@@ batch_x.shape torch.Size([128, 336, 7])
@@@@@@@@@@@ batch_x_mark.shape torch.Size([128, 336, 4])
@@@@@@@@ batch_x.shape torch.Size([128, 336, 7])
@@@@@@@@@@@ batch_x_mark.shape torch.Size([128, 336, 4])
@@@@@@@@ batch_x.shape torch.Size([128, 336, 7])
@@@@@@@@@@@ batch_x_mark.shape torch.Size([128, 336, 4])
@@@@@@@@ batch_x.shape torch.Size([128, 336, 7])
@@@@@@@@@@@ batch_x_mark.shape torch.Size([128, 336, 4])
@@@@@@@@ batch_x.shape torch.Size([128, 336, 7])
@@@@@@@@@@@ batch_x_mark.shape torch.Size([128, 336, 4])
@@@@@@@@ batch_x.shape torch.Size([128, 336, 7])
@@@@@@@@@@@ batch_x_mark.shape torch.Size([128, 336, 4])
@@@@@@@@ batch_x.shape torch.Size([128, 336, 7])
@@@@@@@@@@@ batch_x_mark.shape torch.Size([128, 336, 4])
@@@@@@@@ batch_x.shape torch.Size([128, 336, 7])
@@@@@@@@@@@ batch_x_mark.shape torch.Size([128, 336, 4])
@@@@@@@@ batch_x.shape torch.Size([128, 336, 7])
@@@@@@@@@@@ batch_x_mark.shape torch.Size([128, 336, 4])
@@@@@@@@ batch_x.shape torch.Size([128, 336, 7])
@@@@@@@@@@@ batch_x_mark.shape torch.Size([128, 336, 4])
@@@@@@@@ batch_x.shape torch.Size([128, 336, 7])
@@@@@@@@@@@ batch_x_mark.shape torch.Size([128, 336, 4])
@@@@@@@@ batch_x.shape torch.Size([128, 336, 7])
@@@@@@@@@@@ batch_x_mark.shape torch.Size([128, 336, 4])
@@@@@@@@ batch_x.shape torch.Size([128, 336, 7])
@@@@@@@@@@@ batch_x_mark.shape torch.Size([128, 336, 4])
@@@@@@@@ batch_x.shape torch.Size([128, 336, 7])
@@@@@@@@@@@ batch_x_mark.shape torch.Size([128, 336, 4])
@@@@@@@@ batch_x.shape torch.Size([128, 336, 7])
@@@@@@@@@@@ batch_x_mark.shape torch.Size([128, 336, 4])
@@@@@@@@ batch_x.shape torch.Size([128, 336, 7])
@@@@@@@@@@@ batch_x_mark.shape torch.Size([128, 336, 4])
@@@@@@@@ batch_x.shape torch.Size([128, 336, 7])
@@@@@@@@@@@ batch_x_mark.shape torch.Size([128, 336, 4])
@@@@@@@@ batch_x.shape torch.Size([128, 336, 7])
@@@@@@@@@@@ batch_x_mark.shape torch.Size([128, 336, 4])
@@@@@@@@ batch_x.shape torch.Size([128, 336, 7])
@@@@@@@@@@@ batch_x_mark.shape torch.Size([128, 336, 4])
@@@@@@@@ batch_x.shape torch.Size([128, 336, 7])
@@@@@@@@@@@ batch_x_mark.shape torch.Size([128, 336, 4])
@@@@@@@@ batch_x.shape torch.Size([128, 336, 7])
@@@@@@@@@@@ batch_x_mark.shape torch.Size([128, 336, 4])
@@@@@@@@ batch_x.shape torch.Size([128, 336, 7])
@@@@@@@@@@@ batch_x_mark.shape torch.Size([128, 336, 4])
@@@@@@@@ batch_x.shape torch.Size([128, 336, 7])
@@@@@@@@@@@ batch_x_mark.shape torch.Size([128, 336, 4])
@@@@@@@@ batch_x.shape torch.Size([128, 336, 7])
@@@@@@@@@@@ batch_x_mark.shape torch.Size([128, 336, 4])
@@@@@@@@ batch_x.shape torch.Size([128, 336, 7])
@@@@@@@@@@@ batch_x_mark.shape torch.Size([128, 336, 4])
@@@@@@@@ batch_x.shape torch.Size([128, 336, 7])
@@@@@@@@@@@ batch_x_mark.shape torch.Size([128, 336, 4])
@@@@@@@@ batch_x.shape torch.Size([128, 336, 7])
@@@@@@@@@@@ batch_x_mark.shape torch.Size([128, 336, 4])
@@@@@@@@ batch_x.shape torch.Size([128, 336, 7])
@@@@@@@@@@@ batch_x_mark.shape torch.Size([128, 336, 4])
@@@@@@@@ batch_x.shape torch.Size([128, 336, 7])
@@@@@@@@@@@ batch_x_mark.shape torch.Size([128, 336, 4])
@@@@@@@@ batch_x.shape torch.Size([128, 336, 7])
@@@@@@@@@@@ batch_x_mark.shape torch.Size([128, 336, 4])
@@@@@@@@ batch_x.shape torch.Size([128, 336, 7])
@@@@@@@@@@@ batch_x_mark.shape torch.Size([128, 336, 4])
@@@@@@@@ batch_x.shape torch.Size([128, 336, 7])
@@@@@@@@@@@ batch_x_mark.shape torch.Size([128, 336, 4])
@@@@@@@@ batch_x.shape torch.Size([128, 336, 7])
@@@@@@@@@@@ batch_x_mark.shape torch.Size([128, 336, 4])
@@@@@@@@ batch_x.shape torch.Size([128, 336, 7])
@@@@@@@@@@@ batch_x_mark.shape torch.Size([128, 336, 4])
@@@@@@@@ batch_x.shape torch.Size([128, 336, 7])
@@@@@@@@@@@ batch_x_mark.shape torch.Size([128, 336, 4])
@@@@@@@@ batch_x.shape torch.Size([128, 336, 7])
@@@@@@@@@@@ batch_x_mark.shape torch.Size([128, 336, 4])
@@@@@@@@ batch_x.shape torch.Size([128, 336, 7])
@@@@@@@@@@@ batch_x_mark.shape torch.Size([128, 336, 4])
@@@@@@@@ batch_x.shape torch.Size([128, 336, 7])
@@@@@@@@@@@ batch_x_mark.shape torch.Size([128, 336, 4])
@@@@@@@@ batch_x.shape torch.Size([128, 336, 7])
@@@@@@@@@@@ batch_x_mark.shape torch.Size([128, 336, 4])
@@@@@@@@ batch_x.shape torch.Size([128, 336, 7])
@@@@@@@@@@@ batch_x_mark.shape torch.Size([128, 336, 4])
@@@@@@@@ batch_x.shape torch.Size([128, 336, 7])
@@@@@@@@@@@ batch_x_mark.shape torch.Size([128, 336, 4])
@@@@@@@@ batch_x.shape torch.Size([128, 336, 7])
@@@@@@@@@@@ batch_x_mark.shape torch.Size([128, 336, 4])
@@@@@@@@ batch_x.shape torch.Size([128, 336, 7])
@@@@@@@@@@@ batch_x_mark.shape torch.Size([128, 336, 4])
@@@@@@@@ batch_x.shape torch.Size([128, 336, 7])
@@@@@@@@@@@ batch_x_mark.shape torch.Size([128, 336, 4])
@@@@@@@@ batch_x.shape torch.Size([128, 336, 7])
@@@@@@@@@@@ batch_x_mark.shape torch.Size([128, 336, 4])
@@@@@@@@ batch_x.shape torch.Size([128, 336, 7])
@@@@@@@@@@@ batch_x_mark.shape torch.Size([128, 336, 4])
@@@@@@@@ batch_x.shape torch.Size([128, 336, 7])
@@@@@@@@@@@ batch_x_mark.shape torch.Size([128, 336, 4])
@@@@@@@@ batch_x.shape torch.Size([128, 336, 7])
@@@@@@@@@@@ batch_x_mark.shape torch.Size([128, 336, 4])
@@@@@@@@ batch_x.shape torch.Size([128, 336, 7])
@@@@@@@@@@@ batch_x_mark.shape torch.Size([128, 336, 4])
@@@@@@@@ batch_x.shape torch.Size([128, 336, 7])
@@@@@@@@@@@ batch_x_mark.shape torch.Size([128, 336, 4])
@@@@@@@@ batch_x.shape torch.Size([128, 336, 7])
@@@@@@@@@@@ batch_x_mark.shape torch.Size([128, 336, 4])
@@@@@@@@ batch_x.shape torch.Size([128, 336, 7])
@@@@@@@@@@@ batch_x_mark.shape torch.Size([128, 336, 4])
@@@@@@@@ batch_x.shape torch.Size([128, 336, 7])
@@@@@@@@@@@ batch_x_mark.shape torch.Size([128, 336, 4])
@@@@@@@@ batch_x.shape torch.Size([128, 336, 7])
@@@@@@@@@@@ batch_x_mark.shape torch.Size([128, 336, 4])
@@@@@@@@ batch_x.shape torch.Size([128, 336, 7])
@@@@@@@@@@@ batch_x_mark.shape torch.Size([128, 336, 4])
@@@@@@@@ batch_x.shape torch.Size([128, 336, 7])
@@@@@@@@@@@ batch_x_mark.shape torch.Size([128, 336, 4])
@@@@@@@@ batch_x.shape torch.Size([128, 336, 7])
@@@@@@@@@@@ batch_x_mark.shape torch.Size([128, 336, 4])
@@@@@@@@ batch_x.shape torch.Size([128, 336, 7])
@@@@@@@@@@@ batch_x_mark.shape torch.Size([128, 336, 4])
@@@@@@@@ batch_x.shape torch.Size([128, 336, 7])
@@@@@@@@@@@ batch_x_mark.shape torch.Size([128, 336, 4])
@@@@@@@@ batch_x.shape torch.Size([128, 336, 7])
@@@@@@@@@@@ batch_x_mark.shape torch.Size([128, 336, 4])
@@@@@@@@ batch_x.shape torch.Size([128, 336, 7])
@@@@@@@@@@@ batch_x_mark.shape torch.Size([128, 336, 4])
Epoch: 2 cost time: 2.0007805824279785
Epoch: 2, Steps: 62 | Train Loss: 0.6644366 Vali Loss: 1.2949152 Test Loss: 0.4995565
Validation loss decreased (1.739502 --> 1.294915).  Saving model ...
Updating learning rate to 0.0001
@@@@@@@@ batch_x.shape torch.Size([128, 336, 7])
@@@@@@@@@@@ batch_x_mark.shape torch.Size([128, 336, 4])
@@@@@@@@ batch_x.shape torch.Size([128, 336, 7])
@@@@@@@@@@@ batch_x_mark.shape torch.Size([128, 336, 4])
@@@@@@@@ batch_x.shape torch.Size([128, 336, 7])
@@@@@@@@@@@ batch_x_mark.shape torch.Size([128, 336, 4])
@@@@@@@@ batch_x.shape torch.Size([128, 336, 7])
@@@@@@@@@@@ batch_x_mark.shape torch.Size([128, 336, 4])
@@@@@@@@ batch_x.shape torch.Size([128, 336, 7])
@@@@@@@@@@@ batch_x_mark.shape torch.Size([128, 336, 4])
@@@@@@@@ batch_x.shape torch.Size([128, 336, 7])
@@@@@@@@@@@ batch_x_mark.shape torch.Size([128, 336, 4])
@@@@@@@@ batch_x.shape torch.Size([128, 336, 7])
@@@@@@@@@@@ batch_x_mark.shape torch.Size([128, 336, 4])
@@@@@@@@ batch_x.shape torch.Size([128, 336, 7])
@@@@@@@@@@@ batch_x_mark.shape torch.Size([128, 336, 4])
@@@@@@@@ batch_x.shape torch.Size([128, 336, 7])
@@@@@@@@@@@ batch_x_mark.shape torch.Size([128, 336, 4])
@@@@@@@@ batch_x.shape torch.Size([128, 336, 7])
@@@@@@@@@@@ batch_x_mark.shape torch.Size([128, 336, 4])
@@@@@@@@ batch_x.shape torch.Size([128, 336, 7])
@@@@@@@@@@@ batch_x_mark.shape torch.Size([128, 336, 4])
@@@@@@@@ batch_x.shape torch.Size([128, 336, 7])
@@@@@@@@@@@ batch_x_mark.shape torch.Size([128, 336, 4])
@@@@@@@@ batch_x.shape torch.Size([128, 336, 7])
@@@@@@@@@@@ batch_x_mark.shape torch.Size([128, 336, 4])
@@@@@@@@ batch_x.shape torch.Size([128, 336, 7])
@@@@@@@@@@@ batch_x_mark.shape torch.Size([128, 336, 4])
@@@@@@@@ batch_x.shape torch.Size([128, 336, 7])
@@@@@@@@@@@ batch_x_mark.shape torch.Size([128, 336, 4])
@@@@@@@@ batch_x.shape torch.Size([128, 336, 7])
@@@@@@@@@@@ batch_x_mark.shape torch.Size([128, 336, 4])
@@@@@@@@ batch_x.shape torch.Size([128, 336, 7])
@@@@@@@@@@@ batch_x_mark.shape torch.Size([128, 336, 4])
@@@@@@@@ batch_x.shape torch.Size([128, 336, 7])
@@@@@@@@@@@ batch_x_mark.shape torch.Size([128, 336, 4])
@@@@@@@@ batch_x.shape torch.Size([128, 336, 7])
@@@@@@@@@@@ batch_x_mark.shape torch.Size([128, 336, 4])
@@@@@@@@ batch_x.shape torch.Size([128, 336, 7])
@@@@@@@@@@@ batch_x_mark.shape torch.Size([128, 336, 4])
@@@@@@@@ batch_x.shape torch.Size([128, 336, 7])
@@@@@@@@@@@ batch_x_mark.shape torch.Size([128, 336, 4])
@@@@@@@@ batch_x.shape torch.Size([128, 336, 7])
@@@@@@@@@@@ batch_x_mark.shape torch.Size([128, 336, 4])
@@@@@@@@ batch_x.shape torch.Size([128, 336, 7])
@@@@@@@@@@@ batch_x_mark.shape torch.Size([128, 336, 4])
@@@@@@@@ batch_x.shape torch.Size([128, 336, 7])
@@@@@@@@@@@ batch_x_mark.shape torch.Size([128, 336, 4])
@@@@@@@@ batch_x.shape torch.Size([128, 336, 7])
@@@@@@@@@@@ batch_x_mark.shape torch.Size([128, 336, 4])
@@@@@@@@ batch_x.shape torch.Size([128, 336, 7])
@@@@@@@@@@@ batch_x_mark.shape torch.Size([128, 336, 4])
@@@@@@@@ batch_x.shape torch.Size([128, 336, 7])
@@@@@@@@@@@ batch_x_mark.shape torch.Size([128, 336, 4])
@@@@@@@@ batch_x.shape torch.Size([128, 336, 7])
@@@@@@@@@@@ batch_x_mark.shape torch.Size([128, 336, 4])
@@@@@@@@ batch_x.shape torch.Size([128, 336, 7])
@@@@@@@@@@@ batch_x_mark.shape torch.Size([128, 336, 4])
@@@@@@@@ batch_x.shape torch.Size([128, 336, 7])
@@@@@@@@@@@ batch_x_mark.shape torch.Size([128, 336, 4])
@@@@@@@@ batch_x.shape torch.Size([128, 336, 7])
@@@@@@@@@@@ batch_x_mark.shape torch.Size([128, 336, 4])
@@@@@@@@ batch_x.shape torch.Size([128, 336, 7])
@@@@@@@@@@@ batch_x_mark.shape torch.Size([128, 336, 4])
@@@@@@@@ batch_x.shape torch.Size([128, 336, 7])
@@@@@@@@@@@ batch_x_mark.shape torch.Size([128, 336, 4])
@@@@@@@@ batch_x.shape torch.Size([128, 336, 7])
@@@@@@@@@@@ batch_x_mark.shape torch.Size([128, 336, 4])
@@@@@@@@ batch_x.shape torch.Size([128, 336, 7])
@@@@@@@@@@@ batch_x_mark.shape torch.Size([128, 336, 4])
@@@@@@@@ batch_x.shape torch.Size([128, 336, 7])
@@@@@@@@@@@ batch_x_mark.shape torch.Size([128, 336, 4])
@@@@@@@@ batch_x.shape torch.Size([128, 336, 7])
@@@@@@@@@@@ batch_x_mark.shape torch.Size([128, 336, 4])
@@@@@@@@ batch_x.shape torch.Size([128, 336, 7])
@@@@@@@@@@@ batch_x_mark.shape torch.Size([128, 336, 4])
@@@@@@@@ batch_x.shape torch.Size([128, 336, 7])
@@@@@@@@@@@ batch_x_mark.shape torch.Size([128, 336, 4])
@@@@@@@@ batch_x.shape torch.Size([128, 336, 7])
@@@@@@@@@@@ batch_x_mark.shape torch.Size([128, 336, 4])
@@@@@@@@ batch_x.shape torch.Size([128, 336, 7])
@@@@@@@@@@@ batch_x_mark.shape torch.Size([128, 336, 4])
@@@@@@@@ batch_x.shape torch.Size([128, 336, 7])
@@@@@@@@@@@ batch_x_mark.shape torch.Size([128, 336, 4])
@@@@@@@@ batch_x.shape torch.Size([128, 336, 7])
@@@@@@@@@@@ batch_x_mark.shape torch.Size([128, 336, 4])
@@@@@@@@ batch_x.shape torch.Size([128, 336, 7])
@@@@@@@@@@@ batch_x_mark.shape torch.Size([128, 336, 4])
@@@@@@@@ batch_x.shape torch.Size([128, 336, 7])
@@@@@@@@@@@ batch_x_mark.shape torch.Size([128, 336, 4])
@@@@@@@@ batch_x.shape torch.Size([128, 336, 7])
@@@@@@@@@@@ batch_x_mark.shape torch.Size([128, 336, 4])
@@@@@@@@ batch_x.shape torch.Size([128, 336, 7])
@@@@@@@@@@@ batch_x_mark.shape torch.Size([128, 336, 4])
@@@@@@@@ batch_x.shape torch.Size([128, 336, 7])
@@@@@@@@@@@ batch_x_mark.shape torch.Size([128, 336, 4])
@@@@@@@@ batch_x.shape torch.Size([128, 336, 7])
@@@@@@@@@@@ batch_x_mark.shape torch.Size([128, 336, 4])
@@@@@@@@ batch_x.shape torch.Size([128, 336, 7])
@@@@@@@@@@@ batch_x_mark.shape torch.Size([128, 336, 4])
@@@@@@@@ batch_x.shape torch.Size([128, 336, 7])
@@@@@@@@@@@ batch_x_mark.shape torch.Size([128, 336, 4])
@@@@@@@@ batch_x.shape torch.Size([128, 336, 7])
@@@@@@@@@@@ batch_x_mark.shape torch.Size([128, 336, 4])
@@@@@@@@ batch_x.shape torch.Size([128, 336, 7])
@@@@@@@@@@@ batch_x_mark.shape torch.Size([128, 336, 4])
@@@@@@@@ batch_x.shape torch.Size([128, 336, 7])
@@@@@@@@@@@ batch_x_mark.shape torch.Size([128, 336, 4])
@@@@@@@@ batch_x.shape torch.Size([128, 336, 7])
@@@@@@@@@@@ batch_x_mark.shape torch.Size([128, 336, 4])
@@@@@@@@ batch_x.shape torch.Size([128, 336, 7])
@@@@@@@@@@@ batch_x_mark.shape torch.Size([128, 336, 4])
@@@@@@@@ batch_x.shape torch.Size([128, 336, 7])
@@@@@@@@@@@ batch_x_mark.shape torch.Size([128, 336, 4])
@@@@@@@@ batch_x.shape torch.Size([128, 336, 7])
@@@@@@@@@@@ batch_x_mark.shape torch.Size([128, 336, 4])
@@@@@@@@ batch_x.shape torch.Size([128, 336, 7])
@@@@@@@@@@@ batch_x_mark.shape torch.Size([128, 336, 4])
@@@@@@@@ batch_x.shape torch.Size([128, 336, 7])
@@@@@@@@@@@ batch_x_mark.shape torch.Size([128, 336, 4])
@@@@@@@@ batch_x.shape torch.Size([128, 336, 7])
@@@@@@@@@@@ batch_x_mark.shape torch.Size([128, 336, 4])
@@@@@@@@ batch_x.shape torch.Size([128, 336, 7])
@@@@@@@@@@@ batch_x_mark.shape torch.Size([128, 336, 4])
Epoch: 3 cost time: 2.0249760150909424
Epoch: 3, Steps: 62 | Train Loss: 0.5617926 Vali Loss: 1.2307447 Test Loss: 0.4607723
Validation loss decreased (1.294915 --> 1.230745).  Saving model ...
Updating learning rate to 0.0001
@@@@@@@@ batch_x.shape torch.Size([128, 336, 7])
@@@@@@@@@@@ batch_x_mark.shape torch.Size([128, 336, 4])
@@@@@@@@ batch_x.shape torch.Size([128, 336, 7])
@@@@@@@@@@@ batch_x_mark.shape torch.Size([128, 336, 4])
@@@@@@@@ batch_x.shape torch.Size([128, 336, 7])
@@@@@@@@@@@ batch_x_mark.shape torch.Size([128, 336, 4])
@@@@@@@@ batch_x.shape torch.Size([128, 336, 7])
@@@@@@@@@@@ batch_x_mark.shape torch.Size([128, 336, 4])
@@@@@@@@ batch_x.shape torch.Size([128, 336, 7])
@@@@@@@@@@@ batch_x_mark.shape torch.Size([128, 336, 4])
@@@@@@@@ batch_x.shape torch.Size([128, 336, 7])
@@@@@@@@@@@ batch_x_mark.shape torch.Size([128, 336, 4])
@@@@@@@@ batch_x.shape torch.Size([128, 336, 7])
@@@@@@@@@@@ batch_x_mark.shape torch.Size([128, 336, 4])
@@@@@@@@ batch_x.shape torch.Size([128, 336, 7])
@@@@@@@@@@@ batch_x_mark.shape torch.Size([128, 336, 4])
@@@@@@@@ batch_x.shape torch.Size([128, 336, 7])
@@@@@@@@@@@ batch_x_mark.shape torch.Size([128, 336, 4])
@@@@@@@@ batch_x.shape torch.Size([128, 336, 7])
@@@@@@@@@@@ batch_x_mark.shape torch.Size([128, 336, 4])
@@@@@@@@ batch_x.shape torch.Size([128, 336, 7])
@@@@@@@@@@@ batch_x_mark.shape torch.Size([128, 336, 4])
@@@@@@@@ batch_x.shape torch.Size([128, 336, 7])
@@@@@@@@@@@ batch_x_mark.shape torch.Size([128, 336, 4])
@@@@@@@@ batch_x.shape torch.Size([128, 336, 7])
@@@@@@@@@@@ batch_x_mark.shape torch.Size([128, 336, 4])
@@@@@@@@ batch_x.shape torch.Size([128, 336, 7])
@@@@@@@@@@@ batch_x_mark.shape torch.Size([128, 336, 4])
@@@@@@@@ batch_x.shape torch.Size([128, 336, 7])
@@@@@@@@@@@ batch_x_mark.shape torch.Size([128, 336, 4])
@@@@@@@@ batch_x.shape torch.Size([128, 336, 7])
@@@@@@@@@@@ batch_x_mark.shape torch.Size([128, 336, 4])
@@@@@@@@ batch_x.shape torch.Size([128, 336, 7])
@@@@@@@@@@@ batch_x_mark.shape torch.Size([128, 336, 4])
@@@@@@@@ batch_x.shape torch.Size([128, 336, 7])
@@@@@@@@@@@ batch_x_mark.shape torch.Size([128, 336, 4])
@@@@@@@@ batch_x.shape torch.Size([128, 336, 7])
@@@@@@@@@@@ batch_x_mark.shape torch.Size([128, 336, 4])
@@@@@@@@ batch_x.shape torch.Size([128, 336, 7])
@@@@@@@@@@@ batch_x_mark.shape torch.Size([128, 336, 4])
@@@@@@@@ batch_x.shape torch.Size([128, 336, 7])
@@@@@@@@@@@ batch_x_mark.shape torch.Size([128, 336, 4])
@@@@@@@@ batch_x.shape torch.Size([128, 336, 7])
@@@@@@@@@@@ batch_x_mark.shape torch.Size([128, 336, 4])
@@@@@@@@ batch_x.shape torch.Size([128, 336, 7])
@@@@@@@@@@@ batch_x_mark.shape torch.Size([128, 336, 4])
@@@@@@@@ batch_x.shape torch.Size([128, 336, 7])
@@@@@@@@@@@ batch_x_mark.shape torch.Size([128, 336, 4])
@@@@@@@@ batch_x.shape torch.Size([128, 336, 7])
@@@@@@@@@@@ batch_x_mark.shape torch.Size([128, 336, 4])
@@@@@@@@ batch_x.shape torch.Size([128, 336, 7])
@@@@@@@@@@@ batch_x_mark.shape torch.Size([128, 336, 4])
@@@@@@@@ batch_x.shape torch.Size([128, 336, 7])
@@@@@@@@@@@ batch_x_mark.shape torch.Size([128, 336, 4])
@@@@@@@@ batch_x.shape torch.Size([128, 336, 7])
@@@@@@@@@@@ batch_x_mark.shape torch.Size([128, 336, 4])
@@@@@@@@ batch_x.shape torch.Size([128, 336, 7])
@@@@@@@@@@@ batch_x_mark.shape torch.Size([128, 336, 4])
@@@@@@@@ batch_x.shape torch.Size([128, 336, 7])
@@@@@@@@@@@ batch_x_mark.shape torch.Size([128, 336, 4])
@@@@@@@@ batch_x.shape torch.Size([128, 336, 7])
@@@@@@@@@@@ batch_x_mark.shape torch.Size([128, 336, 4])
@@@@@@@@ batch_x.shape torch.Size([128, 336, 7])
@@@@@@@@@@@ batch_x_mark.shape torch.Size([128, 336, 4])
@@@@@@@@ batch_x.shape torch.Size([128, 336, 7])
@@@@@@@@@@@ batch_x_mark.shape torch.Size([128, 336, 4])
@@@@@@@@ batch_x.shape torch.Size([128, 336, 7])
@@@@@@@@@@@ batch_x_mark.shape torch.Size([128, 336, 4])
@@@@@@@@ batch_x.shape torch.Size([128, 336, 7])
@@@@@@@@@@@ batch_x_mark.shape torch.Size([128, 336, 4])
@@@@@@@@ batch_x.shape torch.Size([128, 336, 7])
@@@@@@@@@@@ batch_x_mark.shape torch.Size([128, 336, 4])
@@@@@@@@ batch_x.shape torch.Size([128, 336, 7])
@@@@@@@@@@@ batch_x_mark.shape torch.Size([128, 336, 4])
@@@@@@@@ batch_x.shape torch.Size([128, 336, 7])
@@@@@@@@@@@ batch_x_mark.shape torch.Size([128, 336, 4])
@@@@@@@@ batch_x.shape torch.Size([128, 336, 7])
@@@@@@@@@@@ batch_x_mark.shape torch.Size([128, 336, 4])
@@@@@@@@ batch_x.shape torch.Size([128, 336, 7])
@@@@@@@@@@@ batch_x_mark.shape torch.Size([128, 336, 4])
@@@@@@@@ batch_x.shape torch.Size([128, 336, 7])
@@@@@@@@@@@ batch_x_mark.shape torch.Size([128, 336, 4])
@@@@@@@@ batch_x.shape torch.Size([128, 336, 7])
@@@@@@@@@@@ batch_x_mark.shape torch.Size([128, 336, 4])
@@@@@@@@ batch_x.shape torch.Size([128, 336, 7])
@@@@@@@@@@@ batch_x_mark.shape torch.Size([128, 336, 4])
@@@@@@@@ batch_x.shape torch.Size([128, 336, 7])
@@@@@@@@@@@ batch_x_mark.shape torch.Size([128, 336, 4])
@@@@@@@@ batch_x.shape torch.Size([128, 336, 7])
@@@@@@@@@@@ batch_x_mark.shape torch.Size([128, 336, 4])
@@@@@@@@ batch_x.shape torch.Size([128, 336, 7])
@@@@@@@@@@@ batch_x_mark.shape torch.Size([128, 336, 4])
@@@@@@@@ batch_x.shape torch.Size([128, 336, 7])
@@@@@@@@@@@ batch_x_mark.shape torch.Size([128, 336, 4])
@@@@@@@@ batch_x.shape torch.Size([128, 336, 7])
@@@@@@@@@@@ batch_x_mark.shape torch.Size([128, 336, 4])
@@@@@@@@ batch_x.shape torch.Size([128, 336, 7])
@@@@@@@@@@@ batch_x_mark.shape torch.Size([128, 336, 4])
@@@@@@@@ batch_x.shape torch.Size([128, 336, 7])
@@@@@@@@@@@ batch_x_mark.shape torch.Size([128, 336, 4])
@@@@@@@@ batch_x.shape torch.Size([128, 336, 7])
@@@@@@@@@@@ batch_x_mark.shape torch.Size([128, 336, 4])
@@@@@@@@ batch_x.shape torch.Size([128, 336, 7])
@@@@@@@@@@@ batch_x_mark.shape torch.Size([128, 336, 4])
@@@@@@@@ batch_x.shape torch.Size([128, 336, 7])
@@@@@@@@@@@ batch_x_mark.shape torch.Size([128, 336, 4])
@@@@@@@@ batch_x.shape torch.Size([128, 336, 7])
@@@@@@@@@@@ batch_x_mark.shape torch.Size([128, 336, 4])
@@@@@@@@ batch_x.shape torch.Size([128, 336, 7])
@@@@@@@@@@@ batch_x_mark.shape torch.Size([128, 336, 4])
@@@@@@@@ batch_x.shape torch.Size([128, 336, 7])
@@@@@@@@@@@ batch_x_mark.shape torch.Size([128, 336, 4])
@@@@@@@@ batch_x.shape torch.Size([128, 336, 7])
@@@@@@@@@@@ batch_x_mark.shape torch.Size([128, 336, 4])
@@@@@@@@ batch_x.shape torch.Size([128, 336, 7])
@@@@@@@@@@@ batch_x_mark.shape torch.Size([128, 336, 4])
@@@@@@@@ batch_x.shape torch.Size([128, 336, 7])
@@@@@@@@@@@ batch_x_mark.shape torch.Size([128, 336, 4])
@@@@@@@@ batch_x.shape torch.Size([128, 336, 7])
@@@@@@@@@@@ batch_x_mark.shape torch.Size([128, 336, 4])
@@@@@@@@ batch_x.shape torch.Size([128, 336, 7])
@@@@@@@@@@@ batch_x_mark.shape torch.Size([128, 336, 4])
@@@@@@@@ batch_x.shape torch.Size([128, 336, 7])
@@@@@@@@@@@ batch_x_mark.shape torch.Size([128, 336, 4])
Epoch: 4 cost time: 2.125476121902466
Epoch: 4, Steps: 62 | Train Loss: 0.5272403 Vali Loss: 1.1937945 Test Loss: 0.4478132
Validation loss decreased (1.230745 --> 1.193794).  Saving model ...
Updating learning rate to 9e-05
@@@@@@@@ batch_x.shape torch.Size([128, 336, 7])
@@@@@@@@@@@ batch_x_mark.shape torch.Size([128, 336, 4])
@@@@@@@@ batch_x.shape torch.Size([128, 336, 7])
@@@@@@@@@@@ batch_x_mark.shape torch.Size([128, 336, 4])
@@@@@@@@ batch_x.shape torch.Size([128, 336, 7])
@@@@@@@@@@@ batch_x_mark.shape torch.Size([128, 336, 4])
@@@@@@@@ batch_x.shape torch.Size([128, 336, 7])
@@@@@@@@@@@ batch_x_mark.shape torch.Size([128, 336, 4])
@@@@@@@@ batch_x.shape torch.Size([128, 336, 7])
@@@@@@@@@@@ batch_x_mark.shape torch.Size([128, 336, 4])
@@@@@@@@ batch_x.shape torch.Size([128, 336, 7])
@@@@@@@@@@@ batch_x_mark.shape torch.Size([128, 336, 4])
@@@@@@@@ batch_x.shape torch.Size([128, 336, 7])
@@@@@@@@@@@ batch_x_mark.shape torch.Size([128, 336, 4])
@@@@@@@@ batch_x.shape torch.Size([128, 336, 7])
@@@@@@@@@@@ batch_x_mark.shape torch.Size([128, 336, 4])
@@@@@@@@ batch_x.shape torch.Size([128, 336, 7])
@@@@@@@@@@@ batch_x_mark.shape torch.Size([128, 336, 4])
@@@@@@@@ batch_x.shape torch.Size([128, 336, 7])
@@@@@@@@@@@ batch_x_mark.shape torch.Size([128, 336, 4])
@@@@@@@@ batch_x.shape torch.Size([128, 336, 7])
@@@@@@@@@@@ batch_x_mark.shape torch.Size([128, 336, 4])
@@@@@@@@ batch_x.shape torch.Size([128, 336, 7])
@@@@@@@@@@@ batch_x_mark.shape torch.Size([128, 336, 4])
@@@@@@@@ batch_x.shape torch.Size([128, 336, 7])
@@@@@@@@@@@ batch_x_mark.shape torch.Size([128, 336, 4])
@@@@@@@@ batch_x.shape torch.Size([128, 336, 7])
@@@@@@@@@@@ batch_x_mark.shape torch.Size([128, 336, 4])
@@@@@@@@ batch_x.shape torch.Size([128, 336, 7])
@@@@@@@@@@@ batch_x_mark.shape torch.Size([128, 336, 4])
@@@@@@@@ batch_x.shape torch.Size([128, 336, 7])
@@@@@@@@@@@ batch_x_mark.shape torch.Size([128, 336, 4])
@@@@@@@@ batch_x.shape torch.Size([128, 336, 7])
@@@@@@@@@@@ batch_x_mark.shape torch.Size([128, 336, 4])
@@@@@@@@ batch_x.shape torch.Size([128, 336, 7])
@@@@@@@@@@@ batch_x_mark.shape torch.Size([128, 336, 4])
@@@@@@@@ batch_x.shape torch.Size([128, 336, 7])
@@@@@@@@@@@ batch_x_mark.shape torch.Size([128, 336, 4])
@@@@@@@@ batch_x.shape torch.Size([128, 336, 7])
@@@@@@@@@@@ batch_x_mark.shape torch.Size([128, 336, 4])
@@@@@@@@ batch_x.shape torch.Size([128, 336, 7])
@@@@@@@@@@@ batch_x_mark.shape torch.Size([128, 336, 4])
@@@@@@@@ batch_x.shape torch.Size([128, 336, 7])
@@@@@@@@@@@ batch_x_mark.shape torch.Size([128, 336, 4])
@@@@@@@@ batch_x.shape torch.Size([128, 336, 7])
@@@@@@@@@@@ batch_x_mark.shape torch.Size([128, 336, 4])
@@@@@@@@ batch_x.shape torch.Size([128, 336, 7])
@@@@@@@@@@@ batch_x_mark.shape torch.Size([128, 336, 4])
@@@@@@@@ batch_x.shape torch.Size([128, 336, 7])
@@@@@@@@@@@ batch_x_mark.shape torch.Size([128, 336, 4])
@@@@@@@@ batch_x.shape torch.Size([128, 336, 7])
@@@@@@@@@@@ batch_x_mark.shape torch.Size([128, 336, 4])
@@@@@@@@ batch_x.shape torch.Size([128, 336, 7])
@@@@@@@@@@@ batch_x_mark.shape torch.Size([128, 336, 4])
@@@@@@@@ batch_x.shape torch.Size([128, 336, 7])
@@@@@@@@@@@ batch_x_mark.shape torch.Size([128, 336, 4])
@@@@@@@@ batch_x.shape torch.Size([128, 336, 7])
@@@@@@@@@@@ batch_x_mark.shape torch.Size([128, 336, 4])
@@@@@@@@ batch_x.shape torch.Size([128, 336, 7])
@@@@@@@@@@@ batch_x_mark.shape torch.Size([128, 336, 4])
@@@@@@@@ batch_x.shape torch.Size([128, 336, 7])
@@@@@@@@@@@ batch_x_mark.shape torch.Size([128, 336, 4])
@@@@@@@@ batch_x.shape torch.Size([128, 336, 7])
@@@@@@@@@@@ batch_x_mark.shape torch.Size([128, 336, 4])
@@@@@@@@ batch_x.shape torch.Size([128, 336, 7])
@@@@@@@@@@@ batch_x_mark.shape torch.Size([128, 336, 4])
@@@@@@@@ batch_x.shape torch.Size([128, 336, 7])
@@@@@@@@@@@ batch_x_mark.shape torch.Size([128, 336, 4])
@@@@@@@@ batch_x.shape torch.Size([128, 336, 7])
@@@@@@@@@@@ batch_x_mark.shape torch.Size([128, 336, 4])
@@@@@@@@ batch_x.shape torch.Size([128, 336, 7])
@@@@@@@@@@@ batch_x_mark.shape torch.Size([128, 336, 4])
@@@@@@@@ batch_x.shape torch.Size([128, 336, 7])
@@@@@@@@@@@ batch_x_mark.shape torch.Size([128, 336, 4])
@@@@@@@@ batch_x.shape torch.Size([128, 336, 7])
@@@@@@@@@@@ batch_x_mark.shape torch.Size([128, 336, 4])
@@@@@@@@ batch_x.shape torch.Size([128, 336, 7])
@@@@@@@@@@@ batch_x_mark.shape torch.Size([128, 336, 4])
@@@@@@@@ batch_x.shape torch.Size([128, 336, 7])
@@@@@@@@@@@ batch_x_mark.shape torch.Size([128, 336, 4])
@@@@@@@@ batch_x.shape torch.Size([128, 336, 7])
@@@@@@@@@@@ batch_x_mark.shape torch.Size([128, 336, 4])
@@@@@@@@ batch_x.shape torch.Size([128, 336, 7])
@@@@@@@@@@@ batch_x_mark.shape torch.Size([128, 336, 4])
@@@@@@@@ batch_x.shape torch.Size([128, 336, 7])
@@@@@@@@@@@ batch_x_mark.shape torch.Size([128, 336, 4])
@@@@@@@@ batch_x.shape torch.Size([128, 336, 7])
@@@@@@@@@@@ batch_x_mark.shape torch.Size([128, 336, 4])
@@@@@@@@ batch_x.shape torch.Size([128, 336, 7])
@@@@@@@@@@@ batch_x_mark.shape torch.Size([128, 336, 4])
@@@@@@@@ batch_x.shape torch.Size([128, 336, 7])
@@@@@@@@@@@ batch_x_mark.shape torch.Size([128, 336, 4])
@@@@@@@@ batch_x.shape torch.Size([128, 336, 7])
@@@@@@@@@@@ batch_x_mark.shape torch.Size([128, 336, 4])
@@@@@@@@ batch_x.shape torch.Size([128, 336, 7])
@@@@@@@@@@@ batch_x_mark.shape torch.Size([128, 336, 4])
@@@@@@@@ batch_x.shape torch.Size([128, 336, 7])
@@@@@@@@@@@ batch_x_mark.shape torch.Size([128, 336, 4])
@@@@@@@@ batch_x.shape torch.Size([128, 336, 7])
@@@@@@@@@@@ batch_x_mark.shape torch.Size([128, 336, 4])
@@@@@@@@ batch_x.shape torch.Size([128, 336, 7])
@@@@@@@@@@@ batch_x_mark.shape torch.Size([128, 336, 4])
@@@@@@@@ batch_x.shape torch.Size([128, 336, 7])
@@@@@@@@@@@ batch_x_mark.shape torch.Size([128, 336, 4])
@@@@@@@@ batch_x.shape torch.Size([128, 336, 7])
@@@@@@@@@@@ batch_x_mark.shape torch.Size([128, 336, 4])
@@@@@@@@ batch_x.shape torch.Size([128, 336, 7])
@@@@@@@@@@@ batch_x_mark.shape torch.Size([128, 336, 4])
@@@@@@@@ batch_x.shape torch.Size([128, 336, 7])
@@@@@@@@@@@ batch_x_mark.shape torch.Size([128, 336, 4])
@@@@@@@@ batch_x.shape torch.Size([128, 336, 7])
@@@@@@@@@@@ batch_x_mark.shape torch.Size([128, 336, 4])
@@@@@@@@ batch_x.shape torch.Size([128, 336, 7])
@@@@@@@@@@@ batch_x_mark.shape torch.Size([128, 336, 4])
@@@@@@@@ batch_x.shape torch.Size([128, 336, 7])
@@@@@@@@@@@ batch_x_mark.shape torch.Size([128, 336, 4])
@@@@@@@@ batch_x.shape torch.Size([128, 336, 7])
@@@@@@@@@@@ batch_x_mark.shape torch.Size([128, 336, 4])
@@@@@@@@ batch_x.shape torch.Size([128, 336, 7])
@@@@@@@@@@@ batch_x_mark.shape torch.Size([128, 336, 4])
@@@@@@@@ batch_x.shape torch.Size([128, 336, 7])
@@@@@@@@@@@ batch_x_mark.shape torch.Size([128, 336, 4])
@@@@@@@@ batch_x.shape torch.Size([128, 336, 7])
@@@@@@@@@@@ batch_x_mark.shape torch.Size([128, 336, 4])
Epoch: 5 cost time: 2.0588178634643555
Epoch: 5, Steps: 62 | Train Loss: 0.5088212 Vali Loss: 1.1800426 Test Loss: 0.4406462
Validation loss decreased (1.193794 --> 1.180043).  Saving model ...
Updating learning rate to 8.1e-05
@@@@@@@@ batch_x.shape torch.Size([128, 336, 7])
@@@@@@@@@@@ batch_x_mark.shape torch.Size([128, 336, 4])
@@@@@@@@ batch_x.shape torch.Size([128, 336, 7])
@@@@@@@@@@@ batch_x_mark.shape torch.Size([128, 336, 4])
@@@@@@@@ batch_x.shape torch.Size([128, 336, 7])
@@@@@@@@@@@ batch_x_mark.shape torch.Size([128, 336, 4])
@@@@@@@@ batch_x.shape torch.Size([128, 336, 7])
@@@@@@@@@@@ batch_x_mark.shape torch.Size([128, 336, 4])
@@@@@@@@ batch_x.shape torch.Size([128, 336, 7])
@@@@@@@@@@@ batch_x_mark.shape torch.Size([128, 336, 4])
@@@@@@@@ batch_x.shape torch.Size([128, 336, 7])
@@@@@@@@@@@ batch_x_mark.shape torch.Size([128, 336, 4])
@@@@@@@@ batch_x.shape torch.Size([128, 336, 7])
@@@@@@@@@@@ batch_x_mark.shape torch.Size([128, 336, 4])
@@@@@@@@ batch_x.shape torch.Size([128, 336, 7])
@@@@@@@@@@@ batch_x_mark.shape torch.Size([128, 336, 4])
@@@@@@@@ batch_x.shape torch.Size([128, 336, 7])
@@@@@@@@@@@ batch_x_mark.shape torch.Size([128, 336, 4])
@@@@@@@@ batch_x.shape torch.Size([128, 336, 7])
@@@@@@@@@@@ batch_x_mark.shape torch.Size([128, 336, 4])
@@@@@@@@ batch_x.shape torch.Size([128, 336, 7])
@@@@@@@@@@@ batch_x_mark.shape torch.Size([128, 336, 4])
@@@@@@@@ batch_x.shape torch.Size([128, 336, 7])
@@@@@@@@@@@ batch_x_mark.shape torch.Size([128, 336, 4])
@@@@@@@@ batch_x.shape torch.Size([128, 336, 7])
@@@@@@@@@@@ batch_x_mark.shape torch.Size([128, 336, 4])
@@@@@@@@ batch_x.shape torch.Size([128, 336, 7])
@@@@@@@@@@@ batch_x_mark.shape torch.Size([128, 336, 4])
@@@@@@@@ batch_x.shape torch.Size([128, 336, 7])
@@@@@@@@@@@ batch_x_mark.shape torch.Size([128, 336, 4])
@@@@@@@@ batch_x.shape torch.Size([128, 336, 7])
@@@@@@@@@@@ batch_x_mark.shape torch.Size([128, 336, 4])
@@@@@@@@ batch_x.shape torch.Size([128, 336, 7])
@@@@@@@@@@@ batch_x_mark.shape torch.Size([128, 336, 4])
@@@@@@@@ batch_x.shape torch.Size([128, 336, 7])
@@@@@@@@@@@ batch_x_mark.shape torch.Size([128, 336, 4])
@@@@@@@@ batch_x.shape torch.Size([128, 336, 7])
@@@@@@@@@@@ batch_x_mark.shape torch.Size([128, 336, 4])
@@@@@@@@ batch_x.shape torch.Size([128, 336, 7])
@@@@@@@@@@@ batch_x_mark.shape torch.Size([128, 336, 4])
@@@@@@@@ batch_x.shape torch.Size([128, 336, 7])
@@@@@@@@@@@ batch_x_mark.shape torch.Size([128, 336, 4])
@@@@@@@@ batch_x.shape torch.Size([128, 336, 7])
@@@@@@@@@@@ batch_x_mark.shape torch.Size([128, 336, 4])
@@@@@@@@ batch_x.shape torch.Size([128, 336, 7])
@@@@@@@@@@@ batch_x_mark.shape torch.Size([128, 336, 4])
@@@@@@@@ batch_x.shape torch.Size([128, 336, 7])
@@@@@@@@@@@ batch_x_mark.shape torch.Size([128, 336, 4])
@@@@@@@@ batch_x.shape torch.Size([128, 336, 7])
@@@@@@@@@@@ batch_x_mark.shape torch.Size([128, 336, 4])
@@@@@@@@ batch_x.shape torch.Size([128, 336, 7])
@@@@@@@@@@@ batch_x_mark.shape torch.Size([128, 336, 4])
@@@@@@@@ batch_x.shape torch.Size([128, 336, 7])
@@@@@@@@@@@ batch_x_mark.shape torch.Size([128, 336, 4])
@@@@@@@@ batch_x.shape torch.Size([128, 336, 7])
@@@@@@@@@@@ batch_x_mark.shape torch.Size([128, 336, 4])
@@@@@@@@ batch_x.shape torch.Size([128, 336, 7])
@@@@@@@@@@@ batch_x_mark.shape torch.Size([128, 336, 4])
@@@@@@@@ batch_x.shape torch.Size([128, 336, 7])
@@@@@@@@@@@ batch_x_mark.shape torch.Size([128, 336, 4])
@@@@@@@@ batch_x.shape torch.Size([128, 336, 7])
@@@@@@@@@@@ batch_x_mark.shape torch.Size([128, 336, 4])
@@@@@@@@ batch_x.shape torch.Size([128, 336, 7])
@@@@@@@@@@@ batch_x_mark.shape torch.Size([128, 336, 4])
@@@@@@@@ batch_x.shape torch.Size([128, 336, 7])
@@@@@@@@@@@ batch_x_mark.shape torch.Size([128, 336, 4])
@@@@@@@@ batch_x.shape torch.Size([128, 336, 7])
@@@@@@@@@@@ batch_x_mark.shape torch.Size([128, 336, 4])
@@@@@@@@ batch_x.shape torch.Size([128, 336, 7])
@@@@@@@@@@@ batch_x_mark.shape torch.Size([128, 336, 4])
@@@@@@@@ batch_x.shape torch.Size([128, 336, 7])
@@@@@@@@@@@ batch_x_mark.shape torch.Size([128, 336, 4])
@@@@@@@@ batch_x.shape torch.Size([128, 336, 7])
@@@@@@@@@@@ batch_x_mark.shape torch.Size([128, 336, 4])
@@@@@@@@ batch_x.shape torch.Size([128, 336, 7])
@@@@@@@@@@@ batch_x_mark.shape torch.Size([128, 336, 4])
@@@@@@@@ batch_x.shape torch.Size([128, 336, 7])
@@@@@@@@@@@ batch_x_mark.shape torch.Size([128, 336, 4])
@@@@@@@@ batch_x.shape torch.Size([128, 336, 7])
@@@@@@@@@@@ batch_x_mark.shape torch.Size([128, 336, 4])
@@@@@@@@ batch_x.shape torch.Size([128, 336, 7])
@@@@@@@@@@@ batch_x_mark.shape torch.Size([128, 336, 4])
@@@@@@@@ batch_x.shape torch.Size([128, 336, 7])
@@@@@@@@@@@ batch_x_mark.shape torch.Size([128, 336, 4])
@@@@@@@@ batch_x.shape torch.Size([128, 336, 7])
@@@@@@@@@@@ batch_x_mark.shape torch.Size([128, 336, 4])
@@@@@@@@ batch_x.shape torch.Size([128, 336, 7])
@@@@@@@@@@@ batch_x_mark.shape torch.Size([128, 336, 4])
@@@@@@@@ batch_x.shape torch.Size([128, 336, 7])
@@@@@@@@@@@ batch_x_mark.shape torch.Size([128, 336, 4])
@@@@@@@@ batch_x.shape torch.Size([128, 336, 7])
@@@@@@@@@@@ batch_x_mark.shape torch.Size([128, 336, 4])
@@@@@@@@ batch_x.shape torch.Size([128, 336, 7])
@@@@@@@@@@@ batch_x_mark.shape torch.Size([128, 336, 4])
@@@@@@@@ batch_x.shape torch.Size([128, 336, 7])
@@@@@@@@@@@ batch_x_mark.shape torch.Size([128, 336, 4])
@@@@@@@@ batch_x.shape torch.Size([128, 336, 7])
@@@@@@@@@@@ batch_x_mark.shape torch.Size([128, 336, 4])
@@@@@@@@ batch_x.shape torch.Size([128, 336, 7])
@@@@@@@@@@@ batch_x_mark.shape torch.Size([128, 336, 4])
@@@@@@@@ batch_x.shape torch.Size([128, 336, 7])
@@@@@@@@@@@ batch_x_mark.shape torch.Size([128, 336, 4])
@@@@@@@@ batch_x.shape torch.Size([128, 336, 7])
@@@@@@@@@@@ batch_x_mark.shape torch.Size([128, 336, 4])
@@@@@@@@ batch_x.shape torch.Size([128, 336, 7])
@@@@@@@@@@@ batch_x_mark.shape torch.Size([128, 336, 4])
@@@@@@@@ batch_x.shape torch.Size([128, 336, 7])
@@@@@@@@@@@ batch_x_mark.shape torch.Size([128, 336, 4])
@@@@@@@@ batch_x.shape torch.Size([128, 336, 7])
@@@@@@@@@@@ batch_x_mark.shape torch.Size([128, 336, 4])
@@@@@@@@ batch_x.shape torch.Size([128, 336, 7])
@@@@@@@@@@@ batch_x_mark.shape torch.Size([128, 336, 4])
@@@@@@@@ batch_x.shape torch.Size([128, 336, 7])
@@@@@@@@@@@ batch_x_mark.shape torch.Size([128, 336, 4])
@@@@@@@@ batch_x.shape torch.Size([128, 336, 7])
@@@@@@@@@@@ batch_x_mark.shape torch.Size([128, 336, 4])
@@@@@@@@ batch_x.shape torch.Size([128, 336, 7])
@@@@@@@@@@@ batch_x_mark.shape torch.Size([128, 336, 4])
@@@@@@@@ batch_x.shape torch.Size([128, 336, 7])
@@@@@@@@@@@ batch_x_mark.shape torch.Size([128, 336, 4])
@@@@@@@@ batch_x.shape torch.Size([128, 336, 7])
@@@@@@@@@@@ batch_x_mark.shape torch.Size([128, 336, 4])
@@@@@@@@ batch_x.shape torch.Size([128, 336, 7])
@@@@@@@@@@@ batch_x_mark.shape torch.Size([128, 336, 4])
Epoch: 6 cost time: 2.2254064083099365
Epoch: 6, Steps: 62 | Train Loss: 0.4979882 Vali Loss: 1.1739544 Test Loss: 0.4365622
Validation loss decreased (1.180043 --> 1.173954).  Saving model ...
Updating learning rate to 7.290000000000001e-05
@@@@@@@@ batch_x.shape torch.Size([128, 336, 7])
@@@@@@@@@@@ batch_x_mark.shape torch.Size([128, 336, 4])
@@@@@@@@ batch_x.shape torch.Size([128, 336, 7])
@@@@@@@@@@@ batch_x_mark.shape torch.Size([128, 336, 4])
@@@@@@@@ batch_x.shape torch.Size([128, 336, 7])
@@@@@@@@@@@ batch_x_mark.shape torch.Size([128, 336, 4])
@@@@@@@@ batch_x.shape torch.Size([128, 336, 7])
@@@@@@@@@@@ batch_x_mark.shape torch.Size([128, 336, 4])
@@@@@@@@ batch_x.shape torch.Size([128, 336, 7])
@@@@@@@@@@@ batch_x_mark.shape torch.Size([128, 336, 4])
@@@@@@@@ batch_x.shape torch.Size([128, 336, 7])
@@@@@@@@@@@ batch_x_mark.shape torch.Size([128, 336, 4])
@@@@@@@@ batch_x.shape torch.Size([128, 336, 7])
@@@@@@@@@@@ batch_x_mark.shape torch.Size([128, 336, 4])
@@@@@@@@ batch_x.shape torch.Size([128, 336, 7])
@@@@@@@@@@@ batch_x_mark.shape torch.Size([128, 336, 4])
@@@@@@@@ batch_x.shape torch.Size([128, 336, 7])
@@@@@@@@@@@ batch_x_mark.shape torch.Size([128, 336, 4])
@@@@@@@@ batch_x.shape torch.Size([128, 336, 7])
@@@@@@@@@@@ batch_x_mark.shape torch.Size([128, 336, 4])
@@@@@@@@ batch_x.shape torch.Size([128, 336, 7])
@@@@@@@@@@@ batch_x_mark.shape torch.Size([128, 336, 4])
@@@@@@@@ batch_x.shape torch.Size([128, 336, 7])
@@@@@@@@@@@ batch_x_mark.shape torch.Size([128, 336, 4])
@@@@@@@@ batch_x.shape torch.Size([128, 336, 7])
@@@@@@@@@@@ batch_x_mark.shape torch.Size([128, 336, 4])
@@@@@@@@ batch_x.shape torch.Size([128, 336, 7])
@@@@@@@@@@@ batch_x_mark.shape torch.Size([128, 336, 4])
@@@@@@@@ batch_x.shape torch.Size([128, 336, 7])
@@@@@@@@@@@ batch_x_mark.shape torch.Size([128, 336, 4])
@@@@@@@@ batch_x.shape torch.Size([128, 336, 7])
@@@@@@@@@@@ batch_x_mark.shape torch.Size([128, 336, 4])
@@@@@@@@ batch_x.shape torch.Size([128, 336, 7])
@@@@@@@@@@@ batch_x_mark.shape torch.Size([128, 336, 4])
@@@@@@@@ batch_x.shape torch.Size([128, 336, 7])
@@@@@@@@@@@ batch_x_mark.shape torch.Size([128, 336, 4])
@@@@@@@@ batch_x.shape torch.Size([128, 336, 7])
@@@@@@@@@@@ batch_x_mark.shape torch.Size([128, 336, 4])
@@@@@@@@ batch_x.shape torch.Size([128, 336, 7])
@@@@@@@@@@@ batch_x_mark.shape torch.Size([128, 336, 4])
@@@@@@@@ batch_x.shape torch.Size([128, 336, 7])
@@@@@@@@@@@ batch_x_mark.shape torch.Size([128, 336, 4])
@@@@@@@@ batch_x.shape torch.Size([128, 336, 7])
@@@@@@@@@@@ batch_x_mark.shape torch.Size([128, 336, 4])
@@@@@@@@ batch_x.shape torch.Size([128, 336, 7])
@@@@@@@@@@@ batch_x_mark.shape torch.Size([128, 336, 4])
@@@@@@@@ batch_x.shape torch.Size([128, 336, 7])
@@@@@@@@@@@ batch_x_mark.shape torch.Size([128, 336, 4])
@@@@@@@@ batch_x.shape torch.Size([128, 336, 7])
@@@@@@@@@@@ batch_x_mark.shape torch.Size([128, 336, 4])
@@@@@@@@ batch_x.shape torch.Size([128, 336, 7])
@@@@@@@@@@@ batch_x_mark.shape torch.Size([128, 336, 4])
@@@@@@@@ batch_x.shape torch.Size([128, 336, 7])
@@@@@@@@@@@ batch_x_mark.shape torch.Size([128, 336, 4])
@@@@@@@@ batch_x.shape torch.Size([128, 336, 7])
@@@@@@@@@@@ batch_x_mark.shape torch.Size([128, 336, 4])
@@@@@@@@ batch_x.shape torch.Size([128, 336, 7])
@@@@@@@@@@@ batch_x_mark.shape torch.Size([128, 336, 4])
@@@@@@@@ batch_x.shape torch.Size([128, 336, 7])
@@@@@@@@@@@ batch_x_mark.shape torch.Size([128, 336, 4])
@@@@@@@@ batch_x.shape torch.Size([128, 336, 7])
@@@@@@@@@@@ batch_x_mark.shape torch.Size([128, 336, 4])
@@@@@@@@ batch_x.shape torch.Size([128, 336, 7])
@@@@@@@@@@@ batch_x_mark.shape torch.Size([128, 336, 4])
@@@@@@@@ batch_x.shape torch.Size([128, 336, 7])
@@@@@@@@@@@ batch_x_mark.shape torch.Size([128, 336, 4])
@@@@@@@@ batch_x.shape torch.Size([128, 336, 7])
@@@@@@@@@@@ batch_x_mark.shape torch.Size([128, 336, 4])
@@@@@@@@ batch_x.shape torch.Size([128, 336, 7])
@@@@@@@@@@@ batch_x_mark.shape torch.Size([128, 336, 4])
@@@@@@@@ batch_x.shape torch.Size([128, 336, 7])
@@@@@@@@@@@ batch_x_mark.shape torch.Size([128, 336, 4])
@@@@@@@@ batch_x.shape torch.Size([128, 336, 7])
@@@@@@@@@@@ batch_x_mark.shape torch.Size([128, 336, 4])
@@@@@@@@ batch_x.shape torch.Size([128, 336, 7])
@@@@@@@@@@@ batch_x_mark.shape torch.Size([128, 336, 4])
@@@@@@@@ batch_x.shape torch.Size([128, 336, 7])
@@@@@@@@@@@ batch_x_mark.shape torch.Size([128, 336, 4])
@@@@@@@@ batch_x.shape torch.Size([128, 336, 7])
@@@@@@@@@@@ batch_x_mark.shape torch.Size([128, 336, 4])
@@@@@@@@ batch_x.shape torch.Size([128, 336, 7])
@@@@@@@@@@@ batch_x_mark.shape torch.Size([128, 336, 4])
@@@@@@@@ batch_x.shape torch.Size([128, 336, 7])
@@@@@@@@@@@ batch_x_mark.shape torch.Size([128, 336, 4])
@@@@@@@@ batch_x.shape torch.Size([128, 336, 7])
@@@@@@@@@@@ batch_x_mark.shape torch.Size([128, 336, 4])
@@@@@@@@ batch_x.shape torch.Size([128, 336, 7])
@@@@@@@@@@@ batch_x_mark.shape torch.Size([128, 336, 4])
@@@@@@@@ batch_x.shape torch.Size([128, 336, 7])
@@@@@@@@@@@ batch_x_mark.shape torch.Size([128, 336, 4])
@@@@@@@@ batch_x.shape torch.Size([128, 336, 7])
@@@@@@@@@@@ batch_x_mark.shape torch.Size([128, 336, 4])
@@@@@@@@ batch_x.shape torch.Size([128, 336, 7])
@@@@@@@@@@@ batch_x_mark.shape torch.Size([128, 336, 4])
@@@@@@@@ batch_x.shape torch.Size([128, 336, 7])
@@@@@@@@@@@ batch_x_mark.shape torch.Size([128, 336, 4])
@@@@@@@@ batch_x.shape torch.Size([128, 336, 7])
@@@@@@@@@@@ batch_x_mark.shape torch.Size([128, 336, 4])
@@@@@@@@ batch_x.shape torch.Size([128, 336, 7])
@@@@@@@@@@@ batch_x_mark.shape torch.Size([128, 336, 4])
@@@@@@@@ batch_x.shape torch.Size([128, 336, 7])
@@@@@@@@@@@ batch_x_mark.shape torch.Size([128, 336, 4])
@@@@@@@@ batch_x.shape torch.Size([128, 336, 7])
@@@@@@@@@@@ batch_x_mark.shape torch.Size([128, 336, 4])
@@@@@@@@ batch_x.shape torch.Size([128, 336, 7])
@@@@@@@@@@@ batch_x_mark.shape torch.Size([128, 336, 4])
@@@@@@@@ batch_x.shape torch.Size([128, 336, 7])
@@@@@@@@@@@ batch_x_mark.shape torch.Size([128, 336, 4])
@@@@@@@@ batch_x.shape torch.Size([128, 336, 7])
@@@@@@@@@@@ batch_x_mark.shape torch.Size([128, 336, 4])
@@@@@@@@ batch_x.shape torch.Size([128, 336, 7])
@@@@@@@@@@@ batch_x_mark.shape torch.Size([128, 336, 4])
@@@@@@@@ batch_x.shape torch.Size([128, 336, 7])
@@@@@@@@@@@ batch_x_mark.shape torch.Size([128, 336, 4])
@@@@@@@@ batch_x.shape torch.Size([128, 336, 7])
@@@@@@@@@@@ batch_x_mark.shape torch.Size([128, 336, 4])
@@@@@@@@ batch_x.shape torch.Size([128, 336, 7])
@@@@@@@@@@@ batch_x_mark.shape torch.Size([128, 336, 4])
@@@@@@@@ batch_x.shape torch.Size([128, 336, 7])
@@@@@@@@@@@ batch_x_mark.shape torch.Size([128, 336, 4])
@@@@@@@@ batch_x.shape torch.Size([128, 336, 7])
@@@@@@@@@@@ batch_x_mark.shape torch.Size([128, 336, 4])
@@@@@@@@ batch_x.shape torch.Size([128, 336, 7])
@@@@@@@@@@@ batch_x_mark.shape torch.Size([128, 336, 4])
Epoch: 7 cost time: 1.9920995235443115
