Args in experiment:
Namespace(activation='gelu', affine=0, batch_size=128, c_out=7, checkpoints='./checkpoints/', d_ff=128, d_layers=1, d_model=16, data='ETTh1', data_path='ETTh1.csv', dec_in=7, decomposition=0, des='Exp', devices='0,1,2,3', distil=True, do_predict=False, dropout=0.3, e_layers=3, embed='timeF', embed_type=0, enc_in=7, factor=1, fc_dropout=0.3, features='M', freq='h', gpu=0, head_dropout=0.0, individual=0, is_training=1, itr=1, kernel_size=25, label_len=48, learning_rate=0.0001, loss='mse', lradj='type3', model='PatchTST', model_id='336_192', moving_avg=25, n_heads=4, num_workers=10, output_attention=False, padding_patch='end', patch_len=16, patience=100, pct_start=0.3, pred_len=192, random_seed=2021, revin=1, root_path='./dataset/', seq_len=336, stride=8, subtract_last=0, target='OT', test_flop=False, train_epochs=100, use_amp=False, use_gpu=True, use_multi_gpu=False)
Use GPU: cuda:0
>>>>>>>start training : 336_192_PatchTST_ETTh1_ftM_sl336_ll48_pl192_dm16_nh4_el3_dl1_df128_fc1_ebtimeF_dtTrue_Exp_0>>>>>>>>>>>>>>>>>>>>>>>>>>
train 8113
val 2689
test 2689
@@@@@@@@ batch_x.shape torch.Size([128, 336, 7])
@@@@@@@@@@@ batch_x_mark.shape torch.Size([128, 336, 4])
@@@@@@@@ batch_x.shape torch.Size([128, 336, 7])
@@@@@@@@@@@ batch_x_mark.shape torch.Size([128, 336, 4])
@@@@@@@@ batch_x.shape torch.Size([128, 336, 7])
@@@@@@@@@@@ batch_x_mark.shape torch.Size([128, 336, 4])
@@@@@@@@ batch_x.shape torch.Size([128, 336, 7])
@@@@@@@@@@@ batch_x_mark.shape torch.Size([128, 336, 4])
@@@@@@@@ batch_x.shape torch.Size([128, 336, 7])
@@@@@@@@@@@ batch_x_mark.shape torch.Size([128, 336, 4])
@@@@@@@@ batch_x.shape torch.Size([128, 336, 7])
@@@@@@@@@@@ batch_x_mark.shape torch.Size([128, 336, 4])
@@@@@@@@ batch_x.shape torch.Size([128, 336, 7])
@@@@@@@@@@@ batch_x_mark.shape torch.Size([128, 336, 4])
@@@@@@@@ batch_x.shape torch.Size([128, 336, 7])
@@@@@@@@@@@ batch_x_mark.shape torch.Size([128, 336, 4])
@@@@@@@@ batch_x.shape torch.Size([128, 336, 7])
@@@@@@@@@@@ batch_x_mark.shape torch.Size([128, 336, 4])
@@@@@@@@ batch_x.shape torch.Size([128, 336, 7])
@@@@@@@@@@@ batch_x_mark.shape torch.Size([128, 336, 4])
@@@@@@@@ batch_x.shape torch.Size([128, 336, 7])
@@@@@@@@@@@ batch_x_mark.shape torch.Size([128, 336, 4])
@@@@@@@@ batch_x.shape torch.Size([128, 336, 7])
@@@@@@@@@@@ batch_x_mark.shape torch.Size([128, 336, 4])
@@@@@@@@ batch_x.shape torch.Size([128, 336, 7])
@@@@@@@@@@@ batch_x_mark.shape torch.Size([128, 336, 4])
@@@@@@@@ batch_x.shape torch.Size([128, 336, 7])
@@@@@@@@@@@ batch_x_mark.shape torch.Size([128, 336, 4])
@@@@@@@@ batch_x.shape torch.Size([128, 336, 7])
@@@@@@@@@@@ batch_x_mark.shape torch.Size([128, 336, 4])
@@@@@@@@ batch_x.shape torch.Size([128, 336, 7])
@@@@@@@@@@@ batch_x_mark.shape torch.Size([128, 336, 4])
@@@@@@@@ batch_x.shape torch.Size([128, 336, 7])
@@@@@@@@@@@ batch_x_mark.shape torch.Size([128, 336, 4])
@@@@@@@@ batch_x.shape torch.Size([128, 336, 7])
@@@@@@@@@@@ batch_x_mark.shape torch.Size([128, 336, 4])
@@@@@@@@ batch_x.shape torch.Size([128, 336, 7])
@@@@@@@@@@@ batch_x_mark.shape torch.Size([128, 336, 4])
@@@@@@@@ batch_x.shape torch.Size([128, 336, 7])
@@@@@@@@@@@ batch_x_mark.shape torch.Size([128, 336, 4])
@@@@@@@@ batch_x.shape torch.Size([128, 336, 7])
@@@@@@@@@@@ batch_x_mark.shape torch.Size([128, 336, 4])
@@@@@@@@ batch_x.shape torch.Size([128, 336, 7])
@@@@@@@@@@@ batch_x_mark.shape torch.Size([128, 336, 4])
@@@@@@@@ batch_x.shape torch.Size([128, 336, 7])
@@@@@@@@@@@ batch_x_mark.shape torch.Size([128, 336, 4])
@@@@@@@@ batch_x.shape torch.Size([128, 336, 7])
@@@@@@@@@@@ batch_x_mark.shape torch.Size([128, 336, 4])
@@@@@@@@ batch_x.shape torch.Size([128, 336, 7])
@@@@@@@@@@@ batch_x_mark.shape torch.Size([128, 336, 4])
@@@@@@@@ batch_x.shape torch.Size([128, 336, 7])
@@@@@@@@@@@ batch_x_mark.shape torch.Size([128, 336, 4])
@@@@@@@@ batch_x.shape torch.Size([128, 336, 7])
@@@@@@@@@@@ batch_x_mark.shape torch.Size([128, 336, 4])
@@@@@@@@ batch_x.shape torch.Size([128, 336, 7])
@@@@@@@@@@@ batch_x_mark.shape torch.Size([128, 336, 4])
@@@@@@@@ batch_x.shape torch.Size([128, 336, 7])
@@@@@@@@@@@ batch_x_mark.shape torch.Size([128, 336, 4])
@@@@@@@@ batch_x.shape torch.Size([128, 336, 7])
@@@@@@@@@@@ batch_x_mark.shape torch.Size([128, 336, 4])
@@@@@@@@ batch_x.shape torch.Size([128, 336, 7])
@@@@@@@@@@@ batch_x_mark.shape torch.Size([128, 336, 4])
@@@@@@@@ batch_x.shape torch.Size([128, 336, 7])
@@@@@@@@@@@ batch_x_mark.shape torch.Size([128, 336, 4])
@@@@@@@@ batch_x.shape torch.Size([128, 336, 7])
@@@@@@@@@@@ batch_x_mark.shape torch.Size([128, 336, 4])
@@@@@@@@ batch_x.shape torch.Size([128, 336, 7])
@@@@@@@@@@@ batch_x_mark.shape torch.Size([128, 336, 4])
@@@@@@@@ batch_x.shape torch.Size([128, 336, 7])
@@@@@@@@@@@ batch_x_mark.shape torch.Size([128, 336, 4])
@@@@@@@@ batch_x.shape torch.Size([128, 336, 7])
@@@@@@@@@@@ batch_x_mark.shape torch.Size([128, 336, 4])
@@@@@@@@ batch_x.shape torch.Size([128, 336, 7])
@@@@@@@@@@@ batch_x_mark.shape torch.Size([128, 336, 4])
@@@@@@@@ batch_x.shape torch.Size([128, 336, 7])
@@@@@@@@@@@ batch_x_mark.shape torch.Size([128, 336, 4])
@@@@@@@@ batch_x.shape torch.Size([128, 336, 7])
@@@@@@@@@@@ batch_x_mark.shape torch.Size([128, 336, 4])
@@@@@@@@ batch_x.shape torch.Size([128, 336, 7])
@@@@@@@@@@@ batch_x_mark.shape torch.Size([128, 336, 4])
@@@@@@@@ batch_x.shape torch.Size([128, 336, 7])
@@@@@@@@@@@ batch_x_mark.shape torch.Size([128, 336, 4])
@@@@@@@@ batch_x.shape torch.Size([128, 336, 7])
@@@@@@@@@@@ batch_x_mark.shape torch.Size([128, 336, 4])
@@@@@@@@ batch_x.shape torch.Size([128, 336, 7])
@@@@@@@@@@@ batch_x_mark.shape torch.Size([128, 336, 4])
@@@@@@@@ batch_x.shape torch.Size([128, 336, 7])
@@@@@@@@@@@ batch_x_mark.shape torch.Size([128, 336, 4])
@@@@@@@@ batch_x.shape torch.Size([128, 336, 7])
@@@@@@@@@@@ batch_x_mark.shape torch.Size([128, 336, 4])
@@@@@@@@ batch_x.shape torch.Size([128, 336, 7])
@@@@@@@@@@@ batch_x_mark.shape torch.Size([128, 336, 4])
@@@@@@@@ batch_x.shape torch.Size([128, 336, 7])
@@@@@@@@@@@ batch_x_mark.shape torch.Size([128, 336, 4])
@@@@@@@@ batch_x.shape torch.Size([128, 336, 7])
@@@@@@@@@@@ batch_x_mark.shape torch.Size([128, 336, 4])
@@@@@@@@ batch_x.shape torch.Size([128, 336, 7])
@@@@@@@@@@@ batch_x_mark.shape torch.Size([128, 336, 4])
@@@@@@@@ batch_x.shape torch.Size([128, 336, 7])
@@@@@@@@@@@ batch_x_mark.shape torch.Size([128, 336, 4])
@@@@@@@@ batch_x.shape torch.Size([128, 336, 7])
@@@@@@@@@@@ batch_x_mark.shape torch.Size([128, 336, 4])
@@@@@@@@ batch_x.shape torch.Size([128, 336, 7])
@@@@@@@@@@@ batch_x_mark.shape torch.Size([128, 336, 4])
@@@@@@@@ batch_x.shape torch.Size([128, 336, 7])
@@@@@@@@@@@ batch_x_mark.shape torch.Size([128, 336, 4])
@@@@@@@@ batch_x.shape torch.Size([128, 336, 7])
@@@@@@@@@@@ batch_x_mark.shape torch.Size([128, 336, 4])
@@@@@@@@ batch_x.shape torch.Size([128, 336, 7])
@@@@@@@@@@@ batch_x_mark.shape torch.Size([128, 336, 4])
@@@@@@@@ batch_x.shape torch.Size([128, 336, 7])
@@@@@@@@@@@ batch_x_mark.shape torch.Size([128, 336, 4])
@@@@@@@@ batch_x.shape torch.Size([128, 336, 7])
@@@@@@@@@@@ batch_x_mark.shape torch.Size([128, 336, 4])
@@@@@@@@ batch_x.shape torch.Size([128, 336, 7])
@@@@@@@@@@@ batch_x_mark.shape torch.Size([128, 336, 4])
@@@@@@@@ batch_x.shape torch.Size([128, 336, 7])
@@@@@@@@@@@ batch_x_mark.shape torch.Size([128, 336, 4])
@@@@@@@@ batch_x.shape torch.Size([128, 336, 7])
@@@@@@@@@@@ batch_x_mark.shape torch.Size([128, 336, 4])
@@@@@@@@ batch_x.shape torch.Size([128, 336, 7])
@@@@@@@@@@@ batch_x_mark.shape torch.Size([128, 336, 4])
@@@@@@@@ batch_x.shape torch.Size([128, 336, 7])
@@@@@@@@@@@ batch_x_mark.shape torch.Size([128, 336, 4])
@@@@@@@@ batch_x.shape torch.Size([128, 336, 7])
@@@@@@@@@@@ batch_x_mark.shape torch.Size([128, 336, 4])
Epoch: 1 cost time: 3.1330270767211914
Epoch: 1, Steps: 63 | Train Loss: 0.7655217 Vali Loss: 1.5944092 Test Loss: 0.8059836
Validation loss decreased (inf --> 1.594409).  Saving model ...
Updating learning rate to 0.0001
